2022-Nov-10 16:47:32 PM [main] ERROR org.apache.poi.openxml4j.opc.PackageRelationshipCollection - Cannot convert mailto:S14QAtest@july/25/yea,S14,2021july,S@d_:/.30/07-20.,T12QA(d&m%5d!~%5E%7D?%3c%3e|Y* in a valid relationship URI-> dummy-URI used
java.net.URISyntaxException: Illegal character in opaque part at index 86: mailto:S14QAtest@july/25/yea,S14,2021july,S@d_:/.30/07-20.,T12QA(d&m%5d!~%5E%7D?%3c%3e|Y*
	at java.net.URI$Parser.fail(URI.java:2847) ~[?:1.8.0_322]
	at java.net.URI$Parser.checkChars(URI.java:3020) ~[?:1.8.0_322]
	at java.net.URI$Parser.parse(URI.java:3057) ~[?:1.8.0_322]
	at java.net.URI.<init>(URI.java:588) ~[?:1.8.0_322]
	at org.apache.poi.openxml4j.opc.PackagingURIHelper.toURI(PackagingURIHelper.java:723) ~[poi-ooxml-5.2.0.jar:5.2.0]
	at org.apache.poi.openxml4j.opc.PackageRelationshipCollection.parseRelationshipsPart(PackageRelationshipCollection.java:358) [poi-ooxml-5.2.0.jar:5.2.0]
	at org.apache.poi.openxml4j.opc.PackageRelationshipCollection.<init>(PackageRelationshipCollection.java:160) [poi-ooxml-5.2.0.jar:5.2.0]
	at org.apache.poi.openxml4j.opc.PackageRelationshipCollection.<init>(PackageRelationshipCollection.java:130) [poi-ooxml-5.2.0.jar:5.2.0]
	at org.apache.poi.openxml4j.opc.PackagePart.loadRelationships(PackagePart.java:565) [poi-ooxml-5.2.0.jar:5.2.0]
	at org.apache.poi.openxml4j.opc.OPCPackage.getParts(OPCPackage.java:745) [poi-ooxml-5.2.0.jar:5.2.0]
	at org.apache.poi.openxml4j.opc.OPCPackage.open(OPCPackage.java:315) [poi-ooxml-5.2.0.jar:5.2.0]
	at org.apache.poi.ooxml.util.PackageHelper.open(PackageHelper.java:59) [poi-ooxml-5.2.0.jar:5.2.0]
	at org.apache.poi.xssf.usermodel.XSSFWorkbook.<init>(XSSFWorkbook.java:304) [poi-ooxml-5.2.0.jar:5.2.0]
	at org.apache.poi.xssf.usermodel.XSSFWorkbook.<init>(XSSFWorkbook.java:300) [poi-ooxml-5.2.0.jar:5.2.0]
	at Resources.base.readTestData(base.java:278) [classes/:?]
	at sun.reflect.NativeMethodAccessorImpl.invoke0(Native Method) ~[?:1.8.0_322]
	at sun.reflect.NativeMethodAccessorImpl.invoke(NativeMethodAccessorImpl.java:62) ~[?:1.8.0_322]
	at sun.reflect.DelegatingMethodAccessorImpl.invoke(DelegatingMethodAccessorImpl.java:43) ~[?:1.8.0_322]
	at java.lang.reflect.Method.invoke(Method.java:498) ~[?:1.8.0_322]
	at org.testng.internal.MethodInvocationHelper.invokeMethod(MethodInvocationHelper.java:124) [testng-6.14.3.jar:?]
	at org.testng.internal.MethodInvocationHelper.invokeMethodConsideringTimeout(MethodInvocationHelper.java:59) [testng-6.14.3.jar:?]
	at org.testng.internal.Invoker.invokeConfigurationMethod(Invoker.java:458) [testng-6.14.3.jar:?]
	at org.testng.internal.Invoker.invokeConfigurations(Invoker.java:222) [testng-6.14.3.jar:?]
	at org.testng.internal.Invoker.invokeConfigurations(Invoker.java:142) [testng-6.14.3.jar:?]
	at org.testng.TestRunner.beforeRun(TestRunner.java:529) [testng-6.14.3.jar:?]
	at org.testng.TestRunner.run(TestRunner.java:497) [testng-6.14.3.jar:?]
	at org.testng.SuiteRunner.runTest(SuiteRunner.java:455) [testng-6.14.3.jar:?]
	at org.testng.SuiteRunner.runSequentially(SuiteRunner.java:450) [testng-6.14.3.jar:?]
	at org.testng.SuiteRunner.privateRun(SuiteRunner.java:415) [testng-6.14.3.jar:?]
	at org.testng.SuiteRunner.run(SuiteRunner.java:364) [testng-6.14.3.jar:?]
	at org.testng.SuiteRunnerWorker.runSuite(SuiteRunnerWorker.java:52) [testng-6.14.3.jar:?]
	at org.testng.SuiteRunnerWorker.run(SuiteRunnerWorker.java:84) [testng-6.14.3.jar:?]
	at org.testng.TestNG.runSuitesSequentially(TestNG.java:1208) [testng-6.14.3.jar:?]
	at org.testng.TestNG.runSuitesLocally(TestNG.java:1137) [testng-6.14.3.jar:?]
	at org.testng.TestNG.runSuites(TestNG.java:1049) [testng-6.14.3.jar:?]
	at org.testng.TestNG.run(TestNG.java:1017) [testng-6.14.3.jar:?]
	at com.intellij.rt.testng.IDEARemoteTestNG.run(IDEARemoteTestNG.java:66) [testng-rt.jar:?]
	at com.intellij.rt.testng.RemoteTestNGStarter.main(RemoteTestNGStarter.java:109) [testng-rt.jar:?]
2022-Nov-10 16:47:32 PM [main] ERROR org.apache.poi.openxml4j.opc.PackageRelationshipCollection - Cannot convert mailto:123@12345[]%7B%7D!@#%^,abc!@#$%^&(),abc123456,abc123,awsconsolepwdreset123$%^ in a valid relationship URI-> dummy-URI used
java.net.URISyntaxException: Malformed escape pair at index 27: mailto:123@12345[]%7B%7D!@#%^,abc!@#$%^&(),abc123456,abc123,awsconsolepwdreset123$%^
	at java.net.URI$Parser.fail(URI.java:2847) ~[?:1.8.0_322]
	at java.net.URI$Parser.scanEscape(URI.java:2977) ~[?:1.8.0_322]
	at java.net.URI$Parser.scan(URI.java:3000) ~[?:1.8.0_322]
	at java.net.URI$Parser.checkChars(URI.java:3018) ~[?:1.8.0_322]
	at java.net.URI$Parser.parse(URI.java:3066) ~[?:1.8.0_322]
	at java.net.URI.<init>(URI.java:588) ~[?:1.8.0_322]
	at org.apache.poi.openxml4j.opc.PackagingURIHelper.toURI(PackagingURIHelper.java:723) ~[poi-ooxml-5.2.0.jar:5.2.0]
	at org.apache.poi.openxml4j.opc.PackageRelationshipCollection.parseRelationshipsPart(PackageRelationshipCollection.java:358) [poi-ooxml-5.2.0.jar:5.2.0]
	at org.apache.poi.openxml4j.opc.PackageRelationshipCollection.<init>(PackageRelationshipCollection.java:160) [poi-ooxml-5.2.0.jar:5.2.0]
	at org.apache.poi.openxml4j.opc.PackageRelationshipCollection.<init>(PackageRelationshipCollection.java:130) [poi-ooxml-5.2.0.jar:5.2.0]
	at org.apache.poi.openxml4j.opc.PackagePart.loadRelationships(PackagePart.java:565) [poi-ooxml-5.2.0.jar:5.2.0]
	at org.apache.poi.openxml4j.opc.OPCPackage.getParts(OPCPackage.java:745) [poi-ooxml-5.2.0.jar:5.2.0]
	at org.apache.poi.openxml4j.opc.OPCPackage.open(OPCPackage.java:315) [poi-ooxml-5.2.0.jar:5.2.0]
	at org.apache.poi.ooxml.util.PackageHelper.open(PackageHelper.java:59) [poi-ooxml-5.2.0.jar:5.2.0]
	at org.apache.poi.xssf.usermodel.XSSFWorkbook.<init>(XSSFWorkbook.java:304) [poi-ooxml-5.2.0.jar:5.2.0]
	at org.apache.poi.xssf.usermodel.XSSFWorkbook.<init>(XSSFWorkbook.java:300) [poi-ooxml-5.2.0.jar:5.2.0]
	at Resources.base.readTestData(base.java:278) [classes/:?]
	at sun.reflect.NativeMethodAccessorImpl.invoke0(Native Method) ~[?:1.8.0_322]
	at sun.reflect.NativeMethodAccessorImpl.invoke(NativeMethodAccessorImpl.java:62) ~[?:1.8.0_322]
	at sun.reflect.DelegatingMethodAccessorImpl.invoke(DelegatingMethodAccessorImpl.java:43) ~[?:1.8.0_322]
	at java.lang.reflect.Method.invoke(Method.java:498) ~[?:1.8.0_322]
	at org.testng.internal.MethodInvocationHelper.invokeMethod(MethodInvocationHelper.java:124) [testng-6.14.3.jar:?]
	at org.testng.internal.MethodInvocationHelper.invokeMethodConsideringTimeout(MethodInvocationHelper.java:59) [testng-6.14.3.jar:?]
	at org.testng.internal.Invoker.invokeConfigurationMethod(Invoker.java:458) [testng-6.14.3.jar:?]
	at org.testng.internal.Invoker.invokeConfigurations(Invoker.java:222) [testng-6.14.3.jar:?]
	at org.testng.internal.Invoker.invokeConfigurations(Invoker.java:142) [testng-6.14.3.jar:?]
	at org.testng.TestRunner.beforeRun(TestRunner.java:529) [testng-6.14.3.jar:?]
	at org.testng.TestRunner.run(TestRunner.java:497) [testng-6.14.3.jar:?]
	at org.testng.SuiteRunner.runTest(SuiteRunner.java:455) [testng-6.14.3.jar:?]
	at org.testng.SuiteRunner.runSequentially(SuiteRunner.java:450) [testng-6.14.3.jar:?]
	at org.testng.SuiteRunner.privateRun(SuiteRunner.java:415) [testng-6.14.3.jar:?]
	at org.testng.SuiteRunner.run(SuiteRunner.java:364) [testng-6.14.3.jar:?]
	at org.testng.SuiteRunnerWorker.runSuite(SuiteRunnerWorker.java:52) [testng-6.14.3.jar:?]
	at org.testng.SuiteRunnerWorker.run(SuiteRunnerWorker.java:84) [testng-6.14.3.jar:?]
	at org.testng.TestNG.runSuitesSequentially(TestNG.java:1208) [testng-6.14.3.jar:?]
	at org.testng.TestNG.runSuitesLocally(TestNG.java:1137) [testng-6.14.3.jar:?]
	at org.testng.TestNG.runSuites(TestNG.java:1049) [testng-6.14.3.jar:?]
	at org.testng.TestNG.run(TestNG.java:1017) [testng-6.14.3.jar:?]
	at com.intellij.rt.testng.IDEARemoteTestNG.run(IDEARemoteTestNG.java:66) [testng-rt.jar:?]
	at com.intellij.rt.testng.RemoteTestNGStarter.main(RemoteTestNGStarter.java:109) [testng-rt.jar:?]
2022-Nov-10 16:49:11 PM [main] ERROR org.apache.poi.openxml4j.opc.PackageRelationshipCollection - Cannot convert mailto:S14QAtest@july/25/yea,S14,2021july,S@d_:/.30/07-20.,T12QA(d&m%5d!~%5E%7D?%3c%3e|Y* in a valid relationship URI-> dummy-URI used
java.net.URISyntaxException: Illegal character in opaque part at index 86: mailto:S14QAtest@july/25/yea,S14,2021july,S@d_:/.30/07-20.,T12QA(d&m%5d!~%5E%7D?%3c%3e|Y*
	at java.net.URI$Parser.fail(URI.java:2847) ~[?:1.8.0_322]
	at java.net.URI$Parser.checkChars(URI.java:3020) ~[?:1.8.0_322]
	at java.net.URI$Parser.parse(URI.java:3057) ~[?:1.8.0_322]
	at java.net.URI.<init>(URI.java:588) ~[?:1.8.0_322]
	at org.apache.poi.openxml4j.opc.PackagingURIHelper.toURI(PackagingURIHelper.java:723) ~[poi-ooxml-5.2.0.jar:5.2.0]
	at org.apache.poi.openxml4j.opc.PackageRelationshipCollection.parseRelationshipsPart(PackageRelationshipCollection.java:358) [poi-ooxml-5.2.0.jar:5.2.0]
	at org.apache.poi.openxml4j.opc.PackageRelationshipCollection.<init>(PackageRelationshipCollection.java:160) [poi-ooxml-5.2.0.jar:5.2.0]
	at org.apache.poi.openxml4j.opc.PackageRelationshipCollection.<init>(PackageRelationshipCollection.java:130) [poi-ooxml-5.2.0.jar:5.2.0]
	at org.apache.poi.openxml4j.opc.PackagePart.loadRelationships(PackagePart.java:565) [poi-ooxml-5.2.0.jar:5.2.0]
	at org.apache.poi.openxml4j.opc.OPCPackage.getParts(OPCPackage.java:745) [poi-ooxml-5.2.0.jar:5.2.0]
	at org.apache.poi.openxml4j.opc.OPCPackage.open(OPCPackage.java:315) [poi-ooxml-5.2.0.jar:5.2.0]
	at org.apache.poi.ooxml.util.PackageHelper.open(PackageHelper.java:59) [poi-ooxml-5.2.0.jar:5.2.0]
	at org.apache.poi.xssf.usermodel.XSSFWorkbook.<init>(XSSFWorkbook.java:304) [poi-ooxml-5.2.0.jar:5.2.0]
	at org.apache.poi.xssf.usermodel.XSSFWorkbook.<init>(XSSFWorkbook.java:300) [poi-ooxml-5.2.0.jar:5.2.0]
	at Resources.base.readTestData(base.java:278) [classes/:?]
	at sun.reflect.NativeMethodAccessorImpl.invoke0(Native Method) ~[?:1.8.0_322]
	at sun.reflect.NativeMethodAccessorImpl.invoke(NativeMethodAccessorImpl.java:62) ~[?:1.8.0_322]
	at sun.reflect.DelegatingMethodAccessorImpl.invoke(DelegatingMethodAccessorImpl.java:43) ~[?:1.8.0_322]
	at java.lang.reflect.Method.invoke(Method.java:498) ~[?:1.8.0_322]
	at org.testng.internal.MethodInvocationHelper.invokeMethod(MethodInvocationHelper.java:124) [testng-6.14.3.jar:?]
	at org.testng.internal.MethodInvocationHelper.invokeMethodConsideringTimeout(MethodInvocationHelper.java:59) [testng-6.14.3.jar:?]
	at org.testng.internal.Invoker.invokeConfigurationMethod(Invoker.java:458) [testng-6.14.3.jar:?]
	at org.testng.internal.Invoker.invokeConfigurations(Invoker.java:222) [testng-6.14.3.jar:?]
	at org.testng.internal.Invoker.invokeConfigurations(Invoker.java:142) [testng-6.14.3.jar:?]
	at org.testng.TestRunner.beforeRun(TestRunner.java:529) [testng-6.14.3.jar:?]
	at org.testng.TestRunner.run(TestRunner.java:497) [testng-6.14.3.jar:?]
	at org.testng.SuiteRunner.runTest(SuiteRunner.java:455) [testng-6.14.3.jar:?]
	at org.testng.SuiteRunner.runSequentially(SuiteRunner.java:450) [testng-6.14.3.jar:?]
	at org.testng.SuiteRunner.privateRun(SuiteRunner.java:415) [testng-6.14.3.jar:?]
	at org.testng.SuiteRunner.run(SuiteRunner.java:364) [testng-6.14.3.jar:?]
	at org.testng.SuiteRunnerWorker.runSuite(SuiteRunnerWorker.java:52) [testng-6.14.3.jar:?]
	at org.testng.SuiteRunnerWorker.run(SuiteRunnerWorker.java:84) [testng-6.14.3.jar:?]
	at org.testng.TestNG.runSuitesSequentially(TestNG.java:1208) [testng-6.14.3.jar:?]
	at org.testng.TestNG.runSuitesLocally(TestNG.java:1137) [testng-6.14.3.jar:?]
	at org.testng.TestNG.runSuites(TestNG.java:1049) [testng-6.14.3.jar:?]
	at org.testng.TestNG.run(TestNG.java:1017) [testng-6.14.3.jar:?]
	at com.intellij.rt.testng.IDEARemoteTestNG.run(IDEARemoteTestNG.java:66) [testng-rt.jar:?]
	at com.intellij.rt.testng.RemoteTestNGStarter.main(RemoteTestNGStarter.java:109) [testng-rt.jar:?]
2022-Nov-10 16:49:11 PM [main] ERROR org.apache.poi.openxml4j.opc.PackageRelationshipCollection - Cannot convert mailto:123@12345[]%7B%7D!@#%^,abc!@#$%^&(),abc123456,abc123,awsconsolepwdreset123$%^ in a valid relationship URI-> dummy-URI used
java.net.URISyntaxException: Malformed escape pair at index 27: mailto:123@12345[]%7B%7D!@#%^,abc!@#$%^&(),abc123456,abc123,awsconsolepwdreset123$%^
	at java.net.URI$Parser.fail(URI.java:2847) ~[?:1.8.0_322]
	at java.net.URI$Parser.scanEscape(URI.java:2977) ~[?:1.8.0_322]
	at java.net.URI$Parser.scan(URI.java:3000) ~[?:1.8.0_322]
	at java.net.URI$Parser.checkChars(URI.java:3018) ~[?:1.8.0_322]
	at java.net.URI$Parser.parse(URI.java:3066) ~[?:1.8.0_322]
	at java.net.URI.<init>(URI.java:588) ~[?:1.8.0_322]
	at org.apache.poi.openxml4j.opc.PackagingURIHelper.toURI(PackagingURIHelper.java:723) ~[poi-ooxml-5.2.0.jar:5.2.0]
	at org.apache.poi.openxml4j.opc.PackageRelationshipCollection.parseRelationshipsPart(PackageRelationshipCollection.java:358) [poi-ooxml-5.2.0.jar:5.2.0]
	at org.apache.poi.openxml4j.opc.PackageRelationshipCollection.<init>(PackageRelationshipCollection.java:160) [poi-ooxml-5.2.0.jar:5.2.0]
	at org.apache.poi.openxml4j.opc.PackageRelationshipCollection.<init>(PackageRelationshipCollection.java:130) [poi-ooxml-5.2.0.jar:5.2.0]
	at org.apache.poi.openxml4j.opc.PackagePart.loadRelationships(PackagePart.java:565) [poi-ooxml-5.2.0.jar:5.2.0]
	at org.apache.poi.openxml4j.opc.OPCPackage.getParts(OPCPackage.java:745) [poi-ooxml-5.2.0.jar:5.2.0]
	at org.apache.poi.openxml4j.opc.OPCPackage.open(OPCPackage.java:315) [poi-ooxml-5.2.0.jar:5.2.0]
	at org.apache.poi.ooxml.util.PackageHelper.open(PackageHelper.java:59) [poi-ooxml-5.2.0.jar:5.2.0]
	at org.apache.poi.xssf.usermodel.XSSFWorkbook.<init>(XSSFWorkbook.java:304) [poi-ooxml-5.2.0.jar:5.2.0]
	at org.apache.poi.xssf.usermodel.XSSFWorkbook.<init>(XSSFWorkbook.java:300) [poi-ooxml-5.2.0.jar:5.2.0]
	at Resources.base.readTestData(base.java:278) [classes/:?]
	at sun.reflect.NativeMethodAccessorImpl.invoke0(Native Method) ~[?:1.8.0_322]
	at sun.reflect.NativeMethodAccessorImpl.invoke(NativeMethodAccessorImpl.java:62) ~[?:1.8.0_322]
	at sun.reflect.DelegatingMethodAccessorImpl.invoke(DelegatingMethodAccessorImpl.java:43) ~[?:1.8.0_322]
	at java.lang.reflect.Method.invoke(Method.java:498) ~[?:1.8.0_322]
	at org.testng.internal.MethodInvocationHelper.invokeMethod(MethodInvocationHelper.java:124) [testng-6.14.3.jar:?]
	at org.testng.internal.MethodInvocationHelper.invokeMethodConsideringTimeout(MethodInvocationHelper.java:59) [testng-6.14.3.jar:?]
	at org.testng.internal.Invoker.invokeConfigurationMethod(Invoker.java:458) [testng-6.14.3.jar:?]
	at org.testng.internal.Invoker.invokeConfigurations(Invoker.java:222) [testng-6.14.3.jar:?]
	at org.testng.internal.Invoker.invokeConfigurations(Invoker.java:142) [testng-6.14.3.jar:?]
	at org.testng.TestRunner.beforeRun(TestRunner.java:529) [testng-6.14.3.jar:?]
	at org.testng.TestRunner.run(TestRunner.java:497) [testng-6.14.3.jar:?]
	at org.testng.SuiteRunner.runTest(SuiteRunner.java:455) [testng-6.14.3.jar:?]
	at org.testng.SuiteRunner.runSequentially(SuiteRunner.java:450) [testng-6.14.3.jar:?]
	at org.testng.SuiteRunner.privateRun(SuiteRunner.java:415) [testng-6.14.3.jar:?]
	at org.testng.SuiteRunner.run(SuiteRunner.java:364) [testng-6.14.3.jar:?]
	at org.testng.SuiteRunnerWorker.runSuite(SuiteRunnerWorker.java:52) [testng-6.14.3.jar:?]
	at org.testng.SuiteRunnerWorker.run(SuiteRunnerWorker.java:84) [testng-6.14.3.jar:?]
	at org.testng.TestNG.runSuitesSequentially(TestNG.java:1208) [testng-6.14.3.jar:?]
	at org.testng.TestNG.runSuitesLocally(TestNG.java:1137) [testng-6.14.3.jar:?]
	at org.testng.TestNG.runSuites(TestNG.java:1049) [testng-6.14.3.jar:?]
	at org.testng.TestNG.run(TestNG.java:1017) [testng-6.14.3.jar:?]
	at com.intellij.rt.testng.IDEARemoteTestNG.run(IDEARemoteTestNG.java:66) [testng-rt.jar:?]
	at com.intellij.rt.testng.RemoteTestNGStarter.main(RemoteTestNGStarter.java:109) [testng-rt.jar:?]
2022-Nov-10 16:58:45 PM [main] ERROR org.apache.poi.openxml4j.opc.PackageRelationshipCollection - Cannot convert mailto:S14QAtest@july/25/yea,S14,2021july,S@d_:/.30/07-20.,T12QA(d&m%5d!~%5E%7D?%3c%3e|Y* in a valid relationship URI-> dummy-URI used
java.net.URISyntaxException: Illegal character in opaque part at index 86: mailto:S14QAtest@july/25/yea,S14,2021july,S@d_:/.30/07-20.,T12QA(d&m%5d!~%5E%7D?%3c%3e|Y*
	at java.net.URI$Parser.fail(URI.java:2847) ~[?:1.8.0_322]
	at java.net.URI$Parser.checkChars(URI.java:3020) ~[?:1.8.0_322]
	at java.net.URI$Parser.parse(URI.java:3057) ~[?:1.8.0_322]
	at java.net.URI.<init>(URI.java:588) ~[?:1.8.0_322]
	at org.apache.poi.openxml4j.opc.PackagingURIHelper.toURI(PackagingURIHelper.java:723) ~[poi-ooxml-5.2.0.jar:5.2.0]
	at org.apache.poi.openxml4j.opc.PackageRelationshipCollection.parseRelationshipsPart(PackageRelationshipCollection.java:358) [poi-ooxml-5.2.0.jar:5.2.0]
	at org.apache.poi.openxml4j.opc.PackageRelationshipCollection.<init>(PackageRelationshipCollection.java:160) [poi-ooxml-5.2.0.jar:5.2.0]
	at org.apache.poi.openxml4j.opc.PackageRelationshipCollection.<init>(PackageRelationshipCollection.java:130) [poi-ooxml-5.2.0.jar:5.2.0]
	at org.apache.poi.openxml4j.opc.PackagePart.loadRelationships(PackagePart.java:565) [poi-ooxml-5.2.0.jar:5.2.0]
	at org.apache.poi.openxml4j.opc.OPCPackage.getParts(OPCPackage.java:745) [poi-ooxml-5.2.0.jar:5.2.0]
	at org.apache.poi.openxml4j.opc.OPCPackage.open(OPCPackage.java:315) [poi-ooxml-5.2.0.jar:5.2.0]
	at org.apache.poi.ooxml.util.PackageHelper.open(PackageHelper.java:59) [poi-ooxml-5.2.0.jar:5.2.0]
	at org.apache.poi.xssf.usermodel.XSSFWorkbook.<init>(XSSFWorkbook.java:304) [poi-ooxml-5.2.0.jar:5.2.0]
	at org.apache.poi.xssf.usermodel.XSSFWorkbook.<init>(XSSFWorkbook.java:300) [poi-ooxml-5.2.0.jar:5.2.0]
	at Resources.base.readTestData(base.java:278) [classes/:?]
	at sun.reflect.NativeMethodAccessorImpl.invoke0(Native Method) ~[?:1.8.0_322]
	at sun.reflect.NativeMethodAccessorImpl.invoke(NativeMethodAccessorImpl.java:62) ~[?:1.8.0_322]
	at sun.reflect.DelegatingMethodAccessorImpl.invoke(DelegatingMethodAccessorImpl.java:43) ~[?:1.8.0_322]
	at java.lang.reflect.Method.invoke(Method.java:498) ~[?:1.8.0_322]
	at org.testng.internal.MethodInvocationHelper.invokeMethod(MethodInvocationHelper.java:124) [testng-6.14.3.jar:?]
	at org.testng.internal.MethodInvocationHelper.invokeMethodConsideringTimeout(MethodInvocationHelper.java:59) [testng-6.14.3.jar:?]
	at org.testng.internal.Invoker.invokeConfigurationMethod(Invoker.java:458) [testng-6.14.3.jar:?]
	at org.testng.internal.Invoker.invokeConfigurations(Invoker.java:222) [testng-6.14.3.jar:?]
	at org.testng.internal.Invoker.invokeConfigurations(Invoker.java:142) [testng-6.14.3.jar:?]
	at org.testng.TestRunner.beforeRun(TestRunner.java:529) [testng-6.14.3.jar:?]
	at org.testng.TestRunner.run(TestRunner.java:497) [testng-6.14.3.jar:?]
	at org.testng.SuiteRunner.runTest(SuiteRunner.java:455) [testng-6.14.3.jar:?]
	at org.testng.SuiteRunner.runSequentially(SuiteRunner.java:450) [testng-6.14.3.jar:?]
	at org.testng.SuiteRunner.privateRun(SuiteRunner.java:415) [testng-6.14.3.jar:?]
	at org.testng.SuiteRunner.run(SuiteRunner.java:364) [testng-6.14.3.jar:?]
	at org.testng.SuiteRunnerWorker.runSuite(SuiteRunnerWorker.java:52) [testng-6.14.3.jar:?]
	at org.testng.SuiteRunnerWorker.run(SuiteRunnerWorker.java:84) [testng-6.14.3.jar:?]
	at org.testng.TestNG.runSuitesSequentially(TestNG.java:1208) [testng-6.14.3.jar:?]
	at org.testng.TestNG.runSuitesLocally(TestNG.java:1137) [testng-6.14.3.jar:?]
	at org.testng.TestNG.runSuites(TestNG.java:1049) [testng-6.14.3.jar:?]
	at org.testng.TestNG.run(TestNG.java:1017) [testng-6.14.3.jar:?]
	at com.intellij.rt.testng.IDEARemoteTestNG.run(IDEARemoteTestNG.java:66) [testng-rt.jar:?]
	at com.intellij.rt.testng.RemoteTestNGStarter.main(RemoteTestNGStarter.java:109) [testng-rt.jar:?]
2022-Nov-10 16:58:45 PM [main] ERROR org.apache.poi.openxml4j.opc.PackageRelationshipCollection - Cannot convert mailto:123@12345[]%7B%7D!@#%^,abc!@#$%^&(),abc123456,abc123,awsconsolepwdreset123$%^ in a valid relationship URI-> dummy-URI used
java.net.URISyntaxException: Malformed escape pair at index 27: mailto:123@12345[]%7B%7D!@#%^,abc!@#$%^&(),abc123456,abc123,awsconsolepwdreset123$%^
	at java.net.URI$Parser.fail(URI.java:2847) ~[?:1.8.0_322]
	at java.net.URI$Parser.scanEscape(URI.java:2977) ~[?:1.8.0_322]
	at java.net.URI$Parser.scan(URI.java:3000) ~[?:1.8.0_322]
	at java.net.URI$Parser.checkChars(URI.java:3018) ~[?:1.8.0_322]
	at java.net.URI$Parser.parse(URI.java:3066) ~[?:1.8.0_322]
	at java.net.URI.<init>(URI.java:588) ~[?:1.8.0_322]
	at org.apache.poi.openxml4j.opc.PackagingURIHelper.toURI(PackagingURIHelper.java:723) ~[poi-ooxml-5.2.0.jar:5.2.0]
	at org.apache.poi.openxml4j.opc.PackageRelationshipCollection.parseRelationshipsPart(PackageRelationshipCollection.java:358) [poi-ooxml-5.2.0.jar:5.2.0]
	at org.apache.poi.openxml4j.opc.PackageRelationshipCollection.<init>(PackageRelationshipCollection.java:160) [poi-ooxml-5.2.0.jar:5.2.0]
	at org.apache.poi.openxml4j.opc.PackageRelationshipCollection.<init>(PackageRelationshipCollection.java:130) [poi-ooxml-5.2.0.jar:5.2.0]
	at org.apache.poi.openxml4j.opc.PackagePart.loadRelationships(PackagePart.java:565) [poi-ooxml-5.2.0.jar:5.2.0]
	at org.apache.poi.openxml4j.opc.OPCPackage.getParts(OPCPackage.java:745) [poi-ooxml-5.2.0.jar:5.2.0]
	at org.apache.poi.openxml4j.opc.OPCPackage.open(OPCPackage.java:315) [poi-ooxml-5.2.0.jar:5.2.0]
	at org.apache.poi.ooxml.util.PackageHelper.open(PackageHelper.java:59) [poi-ooxml-5.2.0.jar:5.2.0]
	at org.apache.poi.xssf.usermodel.XSSFWorkbook.<init>(XSSFWorkbook.java:304) [poi-ooxml-5.2.0.jar:5.2.0]
	at org.apache.poi.xssf.usermodel.XSSFWorkbook.<init>(XSSFWorkbook.java:300) [poi-ooxml-5.2.0.jar:5.2.0]
	at Resources.base.readTestData(base.java:278) [classes/:?]
	at sun.reflect.NativeMethodAccessorImpl.invoke0(Native Method) ~[?:1.8.0_322]
	at sun.reflect.NativeMethodAccessorImpl.invoke(NativeMethodAccessorImpl.java:62) ~[?:1.8.0_322]
	at sun.reflect.DelegatingMethodAccessorImpl.invoke(DelegatingMethodAccessorImpl.java:43) ~[?:1.8.0_322]
	at java.lang.reflect.Method.invoke(Method.java:498) ~[?:1.8.0_322]
	at org.testng.internal.MethodInvocationHelper.invokeMethod(MethodInvocationHelper.java:124) [testng-6.14.3.jar:?]
	at org.testng.internal.MethodInvocationHelper.invokeMethodConsideringTimeout(MethodInvocationHelper.java:59) [testng-6.14.3.jar:?]
	at org.testng.internal.Invoker.invokeConfigurationMethod(Invoker.java:458) [testng-6.14.3.jar:?]
	at org.testng.internal.Invoker.invokeConfigurations(Invoker.java:222) [testng-6.14.3.jar:?]
	at org.testng.internal.Invoker.invokeConfigurations(Invoker.java:142) [testng-6.14.3.jar:?]
	at org.testng.TestRunner.beforeRun(TestRunner.java:529) [testng-6.14.3.jar:?]
	at org.testng.TestRunner.run(TestRunner.java:497) [testng-6.14.3.jar:?]
	at org.testng.SuiteRunner.runTest(SuiteRunner.java:455) [testng-6.14.3.jar:?]
	at org.testng.SuiteRunner.runSequentially(SuiteRunner.java:450) [testng-6.14.3.jar:?]
	at org.testng.SuiteRunner.privateRun(SuiteRunner.java:415) [testng-6.14.3.jar:?]
	at org.testng.SuiteRunner.run(SuiteRunner.java:364) [testng-6.14.3.jar:?]
	at org.testng.SuiteRunnerWorker.runSuite(SuiteRunnerWorker.java:52) [testng-6.14.3.jar:?]
	at org.testng.SuiteRunnerWorker.run(SuiteRunnerWorker.java:84) [testng-6.14.3.jar:?]
	at org.testng.TestNG.runSuitesSequentially(TestNG.java:1208) [testng-6.14.3.jar:?]
	at org.testng.TestNG.runSuitesLocally(TestNG.java:1137) [testng-6.14.3.jar:?]
	at org.testng.TestNG.runSuites(TestNG.java:1049) [testng-6.14.3.jar:?]
	at org.testng.TestNG.run(TestNG.java:1017) [testng-6.14.3.jar:?]
	at com.intellij.rt.testng.IDEARemoteTestNG.run(IDEARemoteTestNG.java:66) [testng-rt.jar:?]
	at com.intellij.rt.testng.RemoteTestNGStarter.main(RemoteTestNGStarter.java:109) [testng-rt.jar:?]
2022-Nov-10 17:00:08 PM [main] ERROR org.apache.poi.openxml4j.opc.PackageRelationshipCollection - Cannot convert mailto:S14QAtest@july/25/yea,S14,2021july,S@d_:/.30/07-20.,T12QA(d&m%5d!~%5E%7D?%3c%3e|Y* in a valid relationship URI-> dummy-URI used
java.net.URISyntaxException: Illegal character in opaque part at index 86: mailto:S14QAtest@july/25/yea,S14,2021july,S@d_:/.30/07-20.,T12QA(d&m%5d!~%5E%7D?%3c%3e|Y*
	at java.net.URI$Parser.fail(URI.java:2847) ~[?:1.8.0_322]
	at java.net.URI$Parser.checkChars(URI.java:3020) ~[?:1.8.0_322]
	at java.net.URI$Parser.parse(URI.java:3057) ~[?:1.8.0_322]
	at java.net.URI.<init>(URI.java:588) ~[?:1.8.0_322]
	at org.apache.poi.openxml4j.opc.PackagingURIHelper.toURI(PackagingURIHelper.java:723) ~[poi-ooxml-5.2.0.jar:5.2.0]
	at org.apache.poi.openxml4j.opc.PackageRelationshipCollection.parseRelationshipsPart(PackageRelationshipCollection.java:358) [poi-ooxml-5.2.0.jar:5.2.0]
	at org.apache.poi.openxml4j.opc.PackageRelationshipCollection.<init>(PackageRelationshipCollection.java:160) [poi-ooxml-5.2.0.jar:5.2.0]
	at org.apache.poi.openxml4j.opc.PackageRelationshipCollection.<init>(PackageRelationshipCollection.java:130) [poi-ooxml-5.2.0.jar:5.2.0]
	at org.apache.poi.openxml4j.opc.PackagePart.loadRelationships(PackagePart.java:565) [poi-ooxml-5.2.0.jar:5.2.0]
	at org.apache.poi.openxml4j.opc.OPCPackage.getParts(OPCPackage.java:745) [poi-ooxml-5.2.0.jar:5.2.0]
	at org.apache.poi.openxml4j.opc.OPCPackage.open(OPCPackage.java:315) [poi-ooxml-5.2.0.jar:5.2.0]
	at org.apache.poi.ooxml.util.PackageHelper.open(PackageHelper.java:59) [poi-ooxml-5.2.0.jar:5.2.0]
	at org.apache.poi.xssf.usermodel.XSSFWorkbook.<init>(XSSFWorkbook.java:304) [poi-ooxml-5.2.0.jar:5.2.0]
	at org.apache.poi.xssf.usermodel.XSSFWorkbook.<init>(XSSFWorkbook.java:300) [poi-ooxml-5.2.0.jar:5.2.0]
	at Resources.base.readTestData(base.java:278) [classes/:?]
	at sun.reflect.NativeMethodAccessorImpl.invoke0(Native Method) ~[?:1.8.0_322]
	at sun.reflect.NativeMethodAccessorImpl.invoke(NativeMethodAccessorImpl.java:62) ~[?:1.8.0_322]
	at sun.reflect.DelegatingMethodAccessorImpl.invoke(DelegatingMethodAccessorImpl.java:43) ~[?:1.8.0_322]
	at java.lang.reflect.Method.invoke(Method.java:498) ~[?:1.8.0_322]
	at org.testng.internal.MethodInvocationHelper.invokeMethod(MethodInvocationHelper.java:124) [testng-6.14.3.jar:?]
	at org.testng.internal.MethodInvocationHelper.invokeMethodConsideringTimeout(MethodInvocationHelper.java:59) [testng-6.14.3.jar:?]
	at org.testng.internal.Invoker.invokeConfigurationMethod(Invoker.java:458) [testng-6.14.3.jar:?]
	at org.testng.internal.Invoker.invokeConfigurations(Invoker.java:222) [testng-6.14.3.jar:?]
	at org.testng.internal.Invoker.invokeConfigurations(Invoker.java:142) [testng-6.14.3.jar:?]
	at org.testng.TestRunner.beforeRun(TestRunner.java:529) [testng-6.14.3.jar:?]
	at org.testng.TestRunner.run(TestRunner.java:497) [testng-6.14.3.jar:?]
	at org.testng.SuiteRunner.runTest(SuiteRunner.java:455) [testng-6.14.3.jar:?]
	at org.testng.SuiteRunner.runSequentially(SuiteRunner.java:450) [testng-6.14.3.jar:?]
	at org.testng.SuiteRunner.privateRun(SuiteRunner.java:415) [testng-6.14.3.jar:?]
	at org.testng.SuiteRunner.run(SuiteRunner.java:364) [testng-6.14.3.jar:?]
	at org.testng.SuiteRunnerWorker.runSuite(SuiteRunnerWorker.java:52) [testng-6.14.3.jar:?]
	at org.testng.SuiteRunnerWorker.run(SuiteRunnerWorker.java:84) [testng-6.14.3.jar:?]
	at org.testng.TestNG.runSuitesSequentially(TestNG.java:1208) [testng-6.14.3.jar:?]
	at org.testng.TestNG.runSuitesLocally(TestNG.java:1137) [testng-6.14.3.jar:?]
	at org.testng.TestNG.runSuites(TestNG.java:1049) [testng-6.14.3.jar:?]
	at org.testng.TestNG.run(TestNG.java:1017) [testng-6.14.3.jar:?]
	at com.intellij.rt.testng.IDEARemoteTestNG.run(IDEARemoteTestNG.java:66) [testng-rt.jar:?]
	at com.intellij.rt.testng.RemoteTestNGStarter.main(RemoteTestNGStarter.java:109) [testng-rt.jar:?]
2022-Nov-10 17:00:08 PM [main] ERROR org.apache.poi.openxml4j.opc.PackageRelationshipCollection - Cannot convert mailto:123@12345[]%7B%7D!@#%^,abc!@#$%^&(),abc123456,abc123,awsconsolepwdreset123$%^ in a valid relationship URI-> dummy-URI used
java.net.URISyntaxException: Malformed escape pair at index 27: mailto:123@12345[]%7B%7D!@#%^,abc!@#$%^&(),abc123456,abc123,awsconsolepwdreset123$%^
	at java.net.URI$Parser.fail(URI.java:2847) ~[?:1.8.0_322]
	at java.net.URI$Parser.scanEscape(URI.java:2977) ~[?:1.8.0_322]
	at java.net.URI$Parser.scan(URI.java:3000) ~[?:1.8.0_322]
	at java.net.URI$Parser.checkChars(URI.java:3018) ~[?:1.8.0_322]
	at java.net.URI$Parser.parse(URI.java:3066) ~[?:1.8.0_322]
	at java.net.URI.<init>(URI.java:588) ~[?:1.8.0_322]
	at org.apache.poi.openxml4j.opc.PackagingURIHelper.toURI(PackagingURIHelper.java:723) ~[poi-ooxml-5.2.0.jar:5.2.0]
	at org.apache.poi.openxml4j.opc.PackageRelationshipCollection.parseRelationshipsPart(PackageRelationshipCollection.java:358) [poi-ooxml-5.2.0.jar:5.2.0]
	at org.apache.poi.openxml4j.opc.PackageRelationshipCollection.<init>(PackageRelationshipCollection.java:160) [poi-ooxml-5.2.0.jar:5.2.0]
	at org.apache.poi.openxml4j.opc.PackageRelationshipCollection.<init>(PackageRelationshipCollection.java:130) [poi-ooxml-5.2.0.jar:5.2.0]
	at org.apache.poi.openxml4j.opc.PackagePart.loadRelationships(PackagePart.java:565) [poi-ooxml-5.2.0.jar:5.2.0]
	at org.apache.poi.openxml4j.opc.OPCPackage.getParts(OPCPackage.java:745) [poi-ooxml-5.2.0.jar:5.2.0]
	at org.apache.poi.openxml4j.opc.OPCPackage.open(OPCPackage.java:315) [poi-ooxml-5.2.0.jar:5.2.0]
	at org.apache.poi.ooxml.util.PackageHelper.open(PackageHelper.java:59) [poi-ooxml-5.2.0.jar:5.2.0]
	at org.apache.poi.xssf.usermodel.XSSFWorkbook.<init>(XSSFWorkbook.java:304) [poi-ooxml-5.2.0.jar:5.2.0]
	at org.apache.poi.xssf.usermodel.XSSFWorkbook.<init>(XSSFWorkbook.java:300) [poi-ooxml-5.2.0.jar:5.2.0]
	at Resources.base.readTestData(base.java:278) [classes/:?]
	at sun.reflect.NativeMethodAccessorImpl.invoke0(Native Method) ~[?:1.8.0_322]
	at sun.reflect.NativeMethodAccessorImpl.invoke(NativeMethodAccessorImpl.java:62) ~[?:1.8.0_322]
	at sun.reflect.DelegatingMethodAccessorImpl.invoke(DelegatingMethodAccessorImpl.java:43) ~[?:1.8.0_322]
	at java.lang.reflect.Method.invoke(Method.java:498) ~[?:1.8.0_322]
	at org.testng.internal.MethodInvocationHelper.invokeMethod(MethodInvocationHelper.java:124) [testng-6.14.3.jar:?]
	at org.testng.internal.MethodInvocationHelper.invokeMethodConsideringTimeout(MethodInvocationHelper.java:59) [testng-6.14.3.jar:?]
	at org.testng.internal.Invoker.invokeConfigurationMethod(Invoker.java:458) [testng-6.14.3.jar:?]
	at org.testng.internal.Invoker.invokeConfigurations(Invoker.java:222) [testng-6.14.3.jar:?]
	at org.testng.internal.Invoker.invokeConfigurations(Invoker.java:142) [testng-6.14.3.jar:?]
	at org.testng.TestRunner.beforeRun(TestRunner.java:529) [testng-6.14.3.jar:?]
	at org.testng.TestRunner.run(TestRunner.java:497) [testng-6.14.3.jar:?]
	at org.testng.SuiteRunner.runTest(SuiteRunner.java:455) [testng-6.14.3.jar:?]
	at org.testng.SuiteRunner.runSequentially(SuiteRunner.java:450) [testng-6.14.3.jar:?]
	at org.testng.SuiteRunner.privateRun(SuiteRunner.java:415) [testng-6.14.3.jar:?]
	at org.testng.SuiteRunner.run(SuiteRunner.java:364) [testng-6.14.3.jar:?]
	at org.testng.SuiteRunnerWorker.runSuite(SuiteRunnerWorker.java:52) [testng-6.14.3.jar:?]
	at org.testng.SuiteRunnerWorker.run(SuiteRunnerWorker.java:84) [testng-6.14.3.jar:?]
	at org.testng.TestNG.runSuitesSequentially(TestNG.java:1208) [testng-6.14.3.jar:?]
	at org.testng.TestNG.runSuitesLocally(TestNG.java:1137) [testng-6.14.3.jar:?]
	at org.testng.TestNG.runSuites(TestNG.java:1049) [testng-6.14.3.jar:?]
	at org.testng.TestNG.run(TestNG.java:1017) [testng-6.14.3.jar:?]
	at com.intellij.rt.testng.IDEARemoteTestNG.run(IDEARemoteTestNG.java:66) [testng-rt.jar:?]
	at com.intellij.rt.testng.RemoteTestNGStarter.main(RemoteTestNGStarter.java:109) [testng-rt.jar:?]
2022-Nov-10 17:03:57 PM [main] ERROR org.apache.poi.openxml4j.opc.PackageRelationshipCollection - Cannot convert mailto:S14QAtest@july/25/yea,S14,2021july,S@d_:/.30/07-20.,T12QA(d&m%5d!~%5E%7D?%3c%3e|Y* in a valid relationship URI-> dummy-URI used
java.net.URISyntaxException: Illegal character in opaque part at index 86: mailto:S14QAtest@july/25/yea,S14,2021july,S@d_:/.30/07-20.,T12QA(d&m%5d!~%5E%7D?%3c%3e|Y*
	at java.net.URI$Parser.fail(URI.java:2847) ~[?:1.8.0_322]
	at java.net.URI$Parser.checkChars(URI.java:3020) ~[?:1.8.0_322]
	at java.net.URI$Parser.parse(URI.java:3057) ~[?:1.8.0_322]
	at java.net.URI.<init>(URI.java:588) ~[?:1.8.0_322]
	at org.apache.poi.openxml4j.opc.PackagingURIHelper.toURI(PackagingURIHelper.java:723) ~[poi-ooxml-5.2.0.jar:5.2.0]
	at org.apache.poi.openxml4j.opc.PackageRelationshipCollection.parseRelationshipsPart(PackageRelationshipCollection.java:358) [poi-ooxml-5.2.0.jar:5.2.0]
	at org.apache.poi.openxml4j.opc.PackageRelationshipCollection.<init>(PackageRelationshipCollection.java:160) [poi-ooxml-5.2.0.jar:5.2.0]
	at org.apache.poi.openxml4j.opc.PackageRelationshipCollection.<init>(PackageRelationshipCollection.java:130) [poi-ooxml-5.2.0.jar:5.2.0]
	at org.apache.poi.openxml4j.opc.PackagePart.loadRelationships(PackagePart.java:565) [poi-ooxml-5.2.0.jar:5.2.0]
	at org.apache.poi.openxml4j.opc.OPCPackage.getParts(OPCPackage.java:745) [poi-ooxml-5.2.0.jar:5.2.0]
	at org.apache.poi.openxml4j.opc.OPCPackage.open(OPCPackage.java:315) [poi-ooxml-5.2.0.jar:5.2.0]
	at org.apache.poi.ooxml.util.PackageHelper.open(PackageHelper.java:59) [poi-ooxml-5.2.0.jar:5.2.0]
	at org.apache.poi.xssf.usermodel.XSSFWorkbook.<init>(XSSFWorkbook.java:304) [poi-ooxml-5.2.0.jar:5.2.0]
	at org.apache.poi.xssf.usermodel.XSSFWorkbook.<init>(XSSFWorkbook.java:300) [poi-ooxml-5.2.0.jar:5.2.0]
	at Resources.base.readTestData(base.java:278) [classes/:?]
	at sun.reflect.NativeMethodAccessorImpl.invoke0(Native Method) ~[?:1.8.0_322]
	at sun.reflect.NativeMethodAccessorImpl.invoke(NativeMethodAccessorImpl.java:62) ~[?:1.8.0_322]
	at sun.reflect.DelegatingMethodAccessorImpl.invoke(DelegatingMethodAccessorImpl.java:43) ~[?:1.8.0_322]
	at java.lang.reflect.Method.invoke(Method.java:498) ~[?:1.8.0_322]
	at org.testng.internal.MethodInvocationHelper.invokeMethod(MethodInvocationHelper.java:124) [testng-6.14.3.jar:?]
	at org.testng.internal.MethodInvocationHelper.invokeMethodConsideringTimeout(MethodInvocationHelper.java:59) [testng-6.14.3.jar:?]
	at org.testng.internal.Invoker.invokeConfigurationMethod(Invoker.java:458) [testng-6.14.3.jar:?]
	at org.testng.internal.Invoker.invokeConfigurations(Invoker.java:222) [testng-6.14.3.jar:?]
	at org.testng.internal.Invoker.invokeConfigurations(Invoker.java:142) [testng-6.14.3.jar:?]
	at org.testng.TestRunner.beforeRun(TestRunner.java:529) [testng-6.14.3.jar:?]
	at org.testng.TestRunner.run(TestRunner.java:497) [testng-6.14.3.jar:?]
	at org.testng.SuiteRunner.runTest(SuiteRunner.java:455) [testng-6.14.3.jar:?]
	at org.testng.SuiteRunner.runSequentially(SuiteRunner.java:450) [testng-6.14.3.jar:?]
	at org.testng.SuiteRunner.privateRun(SuiteRunner.java:415) [testng-6.14.3.jar:?]
	at org.testng.SuiteRunner.run(SuiteRunner.java:364) [testng-6.14.3.jar:?]
	at org.testng.SuiteRunnerWorker.runSuite(SuiteRunnerWorker.java:52) [testng-6.14.3.jar:?]
	at org.testng.SuiteRunnerWorker.run(SuiteRunnerWorker.java:84) [testng-6.14.3.jar:?]
	at org.testng.TestNG.runSuitesSequentially(TestNG.java:1208) [testng-6.14.3.jar:?]
	at org.testng.TestNG.runSuitesLocally(TestNG.java:1137) [testng-6.14.3.jar:?]
	at org.testng.TestNG.runSuites(TestNG.java:1049) [testng-6.14.3.jar:?]
	at org.testng.TestNG.run(TestNG.java:1017) [testng-6.14.3.jar:?]
	at com.intellij.rt.testng.IDEARemoteTestNG.run(IDEARemoteTestNG.java:66) [testng-rt.jar:?]
	at com.intellij.rt.testng.RemoteTestNGStarter.main(RemoteTestNGStarter.java:109) [testng-rt.jar:?]
2022-Nov-10 17:03:57 PM [main] ERROR org.apache.poi.openxml4j.opc.PackageRelationshipCollection - Cannot convert mailto:123@12345[]%7B%7D!@#%^,abc!@#$%^&(),abc123456,abc123,awsconsolepwdreset123$%^ in a valid relationship URI-> dummy-URI used
java.net.URISyntaxException: Malformed escape pair at index 27: mailto:123@12345[]%7B%7D!@#%^,abc!@#$%^&(),abc123456,abc123,awsconsolepwdreset123$%^
	at java.net.URI$Parser.fail(URI.java:2847) ~[?:1.8.0_322]
	at java.net.URI$Parser.scanEscape(URI.java:2977) ~[?:1.8.0_322]
	at java.net.URI$Parser.scan(URI.java:3000) ~[?:1.8.0_322]
	at java.net.URI$Parser.checkChars(URI.java:3018) ~[?:1.8.0_322]
	at java.net.URI$Parser.parse(URI.java:3066) ~[?:1.8.0_322]
	at java.net.URI.<init>(URI.java:588) ~[?:1.8.0_322]
	at org.apache.poi.openxml4j.opc.PackagingURIHelper.toURI(PackagingURIHelper.java:723) ~[poi-ooxml-5.2.0.jar:5.2.0]
	at org.apache.poi.openxml4j.opc.PackageRelationshipCollection.parseRelationshipsPart(PackageRelationshipCollection.java:358) [poi-ooxml-5.2.0.jar:5.2.0]
	at org.apache.poi.openxml4j.opc.PackageRelationshipCollection.<init>(PackageRelationshipCollection.java:160) [poi-ooxml-5.2.0.jar:5.2.0]
	at org.apache.poi.openxml4j.opc.PackageRelationshipCollection.<init>(PackageRelationshipCollection.java:130) [poi-ooxml-5.2.0.jar:5.2.0]
	at org.apache.poi.openxml4j.opc.PackagePart.loadRelationships(PackagePart.java:565) [poi-ooxml-5.2.0.jar:5.2.0]
	at org.apache.poi.openxml4j.opc.OPCPackage.getParts(OPCPackage.java:745) [poi-ooxml-5.2.0.jar:5.2.0]
	at org.apache.poi.openxml4j.opc.OPCPackage.open(OPCPackage.java:315) [poi-ooxml-5.2.0.jar:5.2.0]
	at org.apache.poi.ooxml.util.PackageHelper.open(PackageHelper.java:59) [poi-ooxml-5.2.0.jar:5.2.0]
	at org.apache.poi.xssf.usermodel.XSSFWorkbook.<init>(XSSFWorkbook.java:304) [poi-ooxml-5.2.0.jar:5.2.0]
	at org.apache.poi.xssf.usermodel.XSSFWorkbook.<init>(XSSFWorkbook.java:300) [poi-ooxml-5.2.0.jar:5.2.0]
	at Resources.base.readTestData(base.java:278) [classes/:?]
	at sun.reflect.NativeMethodAccessorImpl.invoke0(Native Method) ~[?:1.8.0_322]
	at sun.reflect.NativeMethodAccessorImpl.invoke(NativeMethodAccessorImpl.java:62) ~[?:1.8.0_322]
	at sun.reflect.DelegatingMethodAccessorImpl.invoke(DelegatingMethodAccessorImpl.java:43) ~[?:1.8.0_322]
	at java.lang.reflect.Method.invoke(Method.java:498) ~[?:1.8.0_322]
	at org.testng.internal.MethodInvocationHelper.invokeMethod(MethodInvocationHelper.java:124) [testng-6.14.3.jar:?]
	at org.testng.internal.MethodInvocationHelper.invokeMethodConsideringTimeout(MethodInvocationHelper.java:59) [testng-6.14.3.jar:?]
	at org.testng.internal.Invoker.invokeConfigurationMethod(Invoker.java:458) [testng-6.14.3.jar:?]
	at org.testng.internal.Invoker.invokeConfigurations(Invoker.java:222) [testng-6.14.3.jar:?]
	at org.testng.internal.Invoker.invokeConfigurations(Invoker.java:142) [testng-6.14.3.jar:?]
	at org.testng.TestRunner.beforeRun(TestRunner.java:529) [testng-6.14.3.jar:?]
	at org.testng.TestRunner.run(TestRunner.java:497) [testng-6.14.3.jar:?]
	at org.testng.SuiteRunner.runTest(SuiteRunner.java:455) [testng-6.14.3.jar:?]
	at org.testng.SuiteRunner.runSequentially(SuiteRunner.java:450) [testng-6.14.3.jar:?]
	at org.testng.SuiteRunner.privateRun(SuiteRunner.java:415) [testng-6.14.3.jar:?]
	at org.testng.SuiteRunner.run(SuiteRunner.java:364) [testng-6.14.3.jar:?]
	at org.testng.SuiteRunnerWorker.runSuite(SuiteRunnerWorker.java:52) [testng-6.14.3.jar:?]
	at org.testng.SuiteRunnerWorker.run(SuiteRunnerWorker.java:84) [testng-6.14.3.jar:?]
	at org.testng.TestNG.runSuitesSequentially(TestNG.java:1208) [testng-6.14.3.jar:?]
	at org.testng.TestNG.runSuitesLocally(TestNG.java:1137) [testng-6.14.3.jar:?]
	at org.testng.TestNG.runSuites(TestNG.java:1049) [testng-6.14.3.jar:?]
	at org.testng.TestNG.run(TestNG.java:1017) [testng-6.14.3.jar:?]
	at com.intellij.rt.testng.IDEARemoteTestNG.run(IDEARemoteTestNG.java:66) [testng-rt.jar:?]
	at com.intellij.rt.testng.RemoteTestNGStarter.main(RemoteTestNGStarter.java:109) [testng-rt.jar:?]
2022-Nov-10 17:07:39 PM [main] ERROR org.apache.poi.openxml4j.opc.PackageRelationshipCollection - Cannot convert mailto:S14QAtest@july/25/yea,S14,2021july,S@d_:/.30/07-20.,T12QA(d&m%5d!~%5E%7D?%3c%3e|Y* in a valid relationship URI-> dummy-URI used
java.net.URISyntaxException: Illegal character in opaque part at index 86: mailto:S14QAtest@july/25/yea,S14,2021july,S@d_:/.30/07-20.,T12QA(d&m%5d!~%5E%7D?%3c%3e|Y*
	at java.net.URI$Parser.fail(URI.java:2847) ~[?:1.8.0_322]
	at java.net.URI$Parser.checkChars(URI.java:3020) ~[?:1.8.0_322]
	at java.net.URI$Parser.parse(URI.java:3057) ~[?:1.8.0_322]
	at java.net.URI.<init>(URI.java:588) ~[?:1.8.0_322]
	at org.apache.poi.openxml4j.opc.PackagingURIHelper.toURI(PackagingURIHelper.java:723) ~[poi-ooxml-5.2.0.jar:5.2.0]
	at org.apache.poi.openxml4j.opc.PackageRelationshipCollection.parseRelationshipsPart(PackageRelationshipCollection.java:358) [poi-ooxml-5.2.0.jar:5.2.0]
	at org.apache.poi.openxml4j.opc.PackageRelationshipCollection.<init>(PackageRelationshipCollection.java:160) [poi-ooxml-5.2.0.jar:5.2.0]
	at org.apache.poi.openxml4j.opc.PackageRelationshipCollection.<init>(PackageRelationshipCollection.java:130) [poi-ooxml-5.2.0.jar:5.2.0]
	at org.apache.poi.openxml4j.opc.PackagePart.loadRelationships(PackagePart.java:565) [poi-ooxml-5.2.0.jar:5.2.0]
	at org.apache.poi.openxml4j.opc.OPCPackage.getParts(OPCPackage.java:745) [poi-ooxml-5.2.0.jar:5.2.0]
	at org.apache.poi.openxml4j.opc.OPCPackage.open(OPCPackage.java:315) [poi-ooxml-5.2.0.jar:5.2.0]
	at org.apache.poi.ooxml.util.PackageHelper.open(PackageHelper.java:59) [poi-ooxml-5.2.0.jar:5.2.0]
	at org.apache.poi.xssf.usermodel.XSSFWorkbook.<init>(XSSFWorkbook.java:304) [poi-ooxml-5.2.0.jar:5.2.0]
	at org.apache.poi.xssf.usermodel.XSSFWorkbook.<init>(XSSFWorkbook.java:300) [poi-ooxml-5.2.0.jar:5.2.0]
	at Resources.base.readTestData(base.java:278) [classes/:?]
	at sun.reflect.NativeMethodAccessorImpl.invoke0(Native Method) ~[?:1.8.0_322]
	at sun.reflect.NativeMethodAccessorImpl.invoke(NativeMethodAccessorImpl.java:62) ~[?:1.8.0_322]
	at sun.reflect.DelegatingMethodAccessorImpl.invoke(DelegatingMethodAccessorImpl.java:43) ~[?:1.8.0_322]
	at java.lang.reflect.Method.invoke(Method.java:498) ~[?:1.8.0_322]
	at org.testng.internal.MethodInvocationHelper.invokeMethod(MethodInvocationHelper.java:124) [testng-6.14.3.jar:?]
	at org.testng.internal.MethodInvocationHelper.invokeMethodConsideringTimeout(MethodInvocationHelper.java:59) [testng-6.14.3.jar:?]
	at org.testng.internal.Invoker.invokeConfigurationMethod(Invoker.java:458) [testng-6.14.3.jar:?]
	at org.testng.internal.Invoker.invokeConfigurations(Invoker.java:222) [testng-6.14.3.jar:?]
	at org.testng.internal.Invoker.invokeConfigurations(Invoker.java:142) [testng-6.14.3.jar:?]
	at org.testng.TestRunner.beforeRun(TestRunner.java:529) [testng-6.14.3.jar:?]
	at org.testng.TestRunner.run(TestRunner.java:497) [testng-6.14.3.jar:?]
	at org.testng.SuiteRunner.runTest(SuiteRunner.java:455) [testng-6.14.3.jar:?]
	at org.testng.SuiteRunner.runSequentially(SuiteRunner.java:450) [testng-6.14.3.jar:?]
	at org.testng.SuiteRunner.privateRun(SuiteRunner.java:415) [testng-6.14.3.jar:?]
	at org.testng.SuiteRunner.run(SuiteRunner.java:364) [testng-6.14.3.jar:?]
	at org.testng.SuiteRunnerWorker.runSuite(SuiteRunnerWorker.java:52) [testng-6.14.3.jar:?]
	at org.testng.SuiteRunnerWorker.run(SuiteRunnerWorker.java:84) [testng-6.14.3.jar:?]
	at org.testng.TestNG.runSuitesSequentially(TestNG.java:1208) [testng-6.14.3.jar:?]
	at org.testng.TestNG.runSuitesLocally(TestNG.java:1137) [testng-6.14.3.jar:?]
	at org.testng.TestNG.runSuites(TestNG.java:1049) [testng-6.14.3.jar:?]
	at org.testng.TestNG.run(TestNG.java:1017) [testng-6.14.3.jar:?]
	at com.intellij.rt.testng.IDEARemoteTestNG.run(IDEARemoteTestNG.java:66) [testng-rt.jar:?]
	at com.intellij.rt.testng.RemoteTestNGStarter.main(RemoteTestNGStarter.java:109) [testng-rt.jar:?]
2022-Nov-10 17:07:39 PM [main] ERROR org.apache.poi.openxml4j.opc.PackageRelationshipCollection - Cannot convert mailto:123@12345[]%7B%7D!@#%^,abc!@#$%^&(),abc123456,abc123,awsconsolepwdreset123$%^ in a valid relationship URI-> dummy-URI used
java.net.URISyntaxException: Malformed escape pair at index 27: mailto:123@12345[]%7B%7D!@#%^,abc!@#$%^&(),abc123456,abc123,awsconsolepwdreset123$%^
	at java.net.URI$Parser.fail(URI.java:2847) ~[?:1.8.0_322]
	at java.net.URI$Parser.scanEscape(URI.java:2977) ~[?:1.8.0_322]
	at java.net.URI$Parser.scan(URI.java:3000) ~[?:1.8.0_322]
	at java.net.URI$Parser.checkChars(URI.java:3018) ~[?:1.8.0_322]
	at java.net.URI$Parser.parse(URI.java:3066) ~[?:1.8.0_322]
	at java.net.URI.<init>(URI.java:588) ~[?:1.8.0_322]
	at org.apache.poi.openxml4j.opc.PackagingURIHelper.toURI(PackagingURIHelper.java:723) ~[poi-ooxml-5.2.0.jar:5.2.0]
	at org.apache.poi.openxml4j.opc.PackageRelationshipCollection.parseRelationshipsPart(PackageRelationshipCollection.java:358) [poi-ooxml-5.2.0.jar:5.2.0]
	at org.apache.poi.openxml4j.opc.PackageRelationshipCollection.<init>(PackageRelationshipCollection.java:160) [poi-ooxml-5.2.0.jar:5.2.0]
	at org.apache.poi.openxml4j.opc.PackageRelationshipCollection.<init>(PackageRelationshipCollection.java:130) [poi-ooxml-5.2.0.jar:5.2.0]
	at org.apache.poi.openxml4j.opc.PackagePart.loadRelationships(PackagePart.java:565) [poi-ooxml-5.2.0.jar:5.2.0]
	at org.apache.poi.openxml4j.opc.OPCPackage.getParts(OPCPackage.java:745) [poi-ooxml-5.2.0.jar:5.2.0]
	at org.apache.poi.openxml4j.opc.OPCPackage.open(OPCPackage.java:315) [poi-ooxml-5.2.0.jar:5.2.0]
	at org.apache.poi.ooxml.util.PackageHelper.open(PackageHelper.java:59) [poi-ooxml-5.2.0.jar:5.2.0]
	at org.apache.poi.xssf.usermodel.XSSFWorkbook.<init>(XSSFWorkbook.java:304) [poi-ooxml-5.2.0.jar:5.2.0]
	at org.apache.poi.xssf.usermodel.XSSFWorkbook.<init>(XSSFWorkbook.java:300) [poi-ooxml-5.2.0.jar:5.2.0]
	at Resources.base.readTestData(base.java:278) [classes/:?]
	at sun.reflect.NativeMethodAccessorImpl.invoke0(Native Method) ~[?:1.8.0_322]
	at sun.reflect.NativeMethodAccessorImpl.invoke(NativeMethodAccessorImpl.java:62) ~[?:1.8.0_322]
	at sun.reflect.DelegatingMethodAccessorImpl.invoke(DelegatingMethodAccessorImpl.java:43) ~[?:1.8.0_322]
	at java.lang.reflect.Method.invoke(Method.java:498) ~[?:1.8.0_322]
	at org.testng.internal.MethodInvocationHelper.invokeMethod(MethodInvocationHelper.java:124) [testng-6.14.3.jar:?]
	at org.testng.internal.MethodInvocationHelper.invokeMethodConsideringTimeout(MethodInvocationHelper.java:59) [testng-6.14.3.jar:?]
	at org.testng.internal.Invoker.invokeConfigurationMethod(Invoker.java:458) [testng-6.14.3.jar:?]
	at org.testng.internal.Invoker.invokeConfigurations(Invoker.java:222) [testng-6.14.3.jar:?]
	at org.testng.internal.Invoker.invokeConfigurations(Invoker.java:142) [testng-6.14.3.jar:?]
	at org.testng.TestRunner.beforeRun(TestRunner.java:529) [testng-6.14.3.jar:?]
	at org.testng.TestRunner.run(TestRunner.java:497) [testng-6.14.3.jar:?]
	at org.testng.SuiteRunner.runTest(SuiteRunner.java:455) [testng-6.14.3.jar:?]
	at org.testng.SuiteRunner.runSequentially(SuiteRunner.java:450) [testng-6.14.3.jar:?]
	at org.testng.SuiteRunner.privateRun(SuiteRunner.java:415) [testng-6.14.3.jar:?]
	at org.testng.SuiteRunner.run(SuiteRunner.java:364) [testng-6.14.3.jar:?]
	at org.testng.SuiteRunnerWorker.runSuite(SuiteRunnerWorker.java:52) [testng-6.14.3.jar:?]
	at org.testng.SuiteRunnerWorker.run(SuiteRunnerWorker.java:84) [testng-6.14.3.jar:?]
	at org.testng.TestNG.runSuitesSequentially(TestNG.java:1208) [testng-6.14.3.jar:?]
	at org.testng.TestNG.runSuitesLocally(TestNG.java:1137) [testng-6.14.3.jar:?]
	at org.testng.TestNG.runSuites(TestNG.java:1049) [testng-6.14.3.jar:?]
	at org.testng.TestNG.run(TestNG.java:1017) [testng-6.14.3.jar:?]
	at com.intellij.rt.testng.IDEARemoteTestNG.run(IDEARemoteTestNG.java:66) [testng-rt.jar:?]
	at com.intellij.rt.testng.RemoteTestNGStarter.main(RemoteTestNGStarter.java:109) [testng-rt.jar:?]
2022-Nov-10 17:17:12 PM [main] ERROR org.apache.poi.openxml4j.opc.PackageRelationshipCollection - Cannot convert mailto:S14QAtest@july/25/yea,S14,2021july,S@d_:/.30/07-20.,T12QA(d&m%5d!~%5E%7D?%3c%3e|Y* in a valid relationship URI-> dummy-URI used
java.net.URISyntaxException: Illegal character in opaque part at index 86: mailto:S14QAtest@july/25/yea,S14,2021july,S@d_:/.30/07-20.,T12QA(d&m%5d!~%5E%7D?%3c%3e|Y*
	at java.net.URI$Parser.fail(URI.java:2847) ~[?:1.8.0_322]
	at java.net.URI$Parser.checkChars(URI.java:3020) ~[?:1.8.0_322]
	at java.net.URI$Parser.parse(URI.java:3057) ~[?:1.8.0_322]
	at java.net.URI.<init>(URI.java:588) ~[?:1.8.0_322]
	at org.apache.poi.openxml4j.opc.PackagingURIHelper.toURI(PackagingURIHelper.java:723) ~[poi-ooxml-5.2.0.jar:5.2.0]
	at org.apache.poi.openxml4j.opc.PackageRelationshipCollection.parseRelationshipsPart(PackageRelationshipCollection.java:358) [poi-ooxml-5.2.0.jar:5.2.0]
	at org.apache.poi.openxml4j.opc.PackageRelationshipCollection.<init>(PackageRelationshipCollection.java:160) [poi-ooxml-5.2.0.jar:5.2.0]
	at org.apache.poi.openxml4j.opc.PackageRelationshipCollection.<init>(PackageRelationshipCollection.java:130) [poi-ooxml-5.2.0.jar:5.2.0]
	at org.apache.poi.openxml4j.opc.PackagePart.loadRelationships(PackagePart.java:565) [poi-ooxml-5.2.0.jar:5.2.0]
	at org.apache.poi.openxml4j.opc.OPCPackage.getParts(OPCPackage.java:745) [poi-ooxml-5.2.0.jar:5.2.0]
	at org.apache.poi.openxml4j.opc.OPCPackage.open(OPCPackage.java:315) [poi-ooxml-5.2.0.jar:5.2.0]
	at org.apache.poi.ooxml.util.PackageHelper.open(PackageHelper.java:59) [poi-ooxml-5.2.0.jar:5.2.0]
	at org.apache.poi.xssf.usermodel.XSSFWorkbook.<init>(XSSFWorkbook.java:304) [poi-ooxml-5.2.0.jar:5.2.0]
	at org.apache.poi.xssf.usermodel.XSSFWorkbook.<init>(XSSFWorkbook.java:300) [poi-ooxml-5.2.0.jar:5.2.0]
	at Resources.base.readTestData(base.java:278) [classes/:?]
	at sun.reflect.NativeMethodAccessorImpl.invoke0(Native Method) ~[?:1.8.0_322]
	at sun.reflect.NativeMethodAccessorImpl.invoke(NativeMethodAccessorImpl.java:62) ~[?:1.8.0_322]
	at sun.reflect.DelegatingMethodAccessorImpl.invoke(DelegatingMethodAccessorImpl.java:43) ~[?:1.8.0_322]
	at java.lang.reflect.Method.invoke(Method.java:498) ~[?:1.8.0_322]
	at org.testng.internal.MethodInvocationHelper.invokeMethod(MethodInvocationHelper.java:124) [testng-6.14.3.jar:?]
	at org.testng.internal.MethodInvocationHelper.invokeMethodConsideringTimeout(MethodInvocationHelper.java:59) [testng-6.14.3.jar:?]
	at org.testng.internal.Invoker.invokeConfigurationMethod(Invoker.java:458) [testng-6.14.3.jar:?]
	at org.testng.internal.Invoker.invokeConfigurations(Invoker.java:222) [testng-6.14.3.jar:?]
	at org.testng.internal.Invoker.invokeConfigurations(Invoker.java:142) [testng-6.14.3.jar:?]
	at org.testng.TestRunner.beforeRun(TestRunner.java:529) [testng-6.14.3.jar:?]
	at org.testng.TestRunner.run(TestRunner.java:497) [testng-6.14.3.jar:?]
	at org.testng.SuiteRunner.runTest(SuiteRunner.java:455) [testng-6.14.3.jar:?]
	at org.testng.SuiteRunner.runSequentially(SuiteRunner.java:450) [testng-6.14.3.jar:?]
	at org.testng.SuiteRunner.privateRun(SuiteRunner.java:415) [testng-6.14.3.jar:?]
	at org.testng.SuiteRunner.run(SuiteRunner.java:364) [testng-6.14.3.jar:?]
	at org.testng.SuiteRunnerWorker.runSuite(SuiteRunnerWorker.java:52) [testng-6.14.3.jar:?]
	at org.testng.SuiteRunnerWorker.run(SuiteRunnerWorker.java:84) [testng-6.14.3.jar:?]
	at org.testng.TestNG.runSuitesSequentially(TestNG.java:1208) [testng-6.14.3.jar:?]
	at org.testng.TestNG.runSuitesLocally(TestNG.java:1137) [testng-6.14.3.jar:?]
	at org.testng.TestNG.runSuites(TestNG.java:1049) [testng-6.14.3.jar:?]
	at org.testng.TestNG.run(TestNG.java:1017) [testng-6.14.3.jar:?]
	at com.intellij.rt.testng.IDEARemoteTestNG.run(IDEARemoteTestNG.java:66) [testng-rt.jar:?]
	at com.intellij.rt.testng.RemoteTestNGStarter.main(RemoteTestNGStarter.java:109) [testng-rt.jar:?]
2022-Nov-10 17:17:12 PM [main] ERROR org.apache.poi.openxml4j.opc.PackageRelationshipCollection - Cannot convert mailto:123@12345[]%7B%7D!@#%^,abc!@#$%^&(),abc123456,abc123,awsconsolepwdreset123$%^ in a valid relationship URI-> dummy-URI used
java.net.URISyntaxException: Malformed escape pair at index 27: mailto:123@12345[]%7B%7D!@#%^,abc!@#$%^&(),abc123456,abc123,awsconsolepwdreset123$%^
	at java.net.URI$Parser.fail(URI.java:2847) ~[?:1.8.0_322]
	at java.net.URI$Parser.scanEscape(URI.java:2977) ~[?:1.8.0_322]
	at java.net.URI$Parser.scan(URI.java:3000) ~[?:1.8.0_322]
	at java.net.URI$Parser.checkChars(URI.java:3018) ~[?:1.8.0_322]
	at java.net.URI$Parser.parse(URI.java:3066) ~[?:1.8.0_322]
	at java.net.URI.<init>(URI.java:588) ~[?:1.8.0_322]
	at org.apache.poi.openxml4j.opc.PackagingURIHelper.toURI(PackagingURIHelper.java:723) ~[poi-ooxml-5.2.0.jar:5.2.0]
	at org.apache.poi.openxml4j.opc.PackageRelationshipCollection.parseRelationshipsPart(PackageRelationshipCollection.java:358) [poi-ooxml-5.2.0.jar:5.2.0]
	at org.apache.poi.openxml4j.opc.PackageRelationshipCollection.<init>(PackageRelationshipCollection.java:160) [poi-ooxml-5.2.0.jar:5.2.0]
	at org.apache.poi.openxml4j.opc.PackageRelationshipCollection.<init>(PackageRelationshipCollection.java:130) [poi-ooxml-5.2.0.jar:5.2.0]
	at org.apache.poi.openxml4j.opc.PackagePart.loadRelationships(PackagePart.java:565) [poi-ooxml-5.2.0.jar:5.2.0]
	at org.apache.poi.openxml4j.opc.OPCPackage.getParts(OPCPackage.java:745) [poi-ooxml-5.2.0.jar:5.2.0]
	at org.apache.poi.openxml4j.opc.OPCPackage.open(OPCPackage.java:315) [poi-ooxml-5.2.0.jar:5.2.0]
	at org.apache.poi.ooxml.util.PackageHelper.open(PackageHelper.java:59) [poi-ooxml-5.2.0.jar:5.2.0]
	at org.apache.poi.xssf.usermodel.XSSFWorkbook.<init>(XSSFWorkbook.java:304) [poi-ooxml-5.2.0.jar:5.2.0]
	at org.apache.poi.xssf.usermodel.XSSFWorkbook.<init>(XSSFWorkbook.java:300) [poi-ooxml-5.2.0.jar:5.2.0]
	at Resources.base.readTestData(base.java:278) [classes/:?]
	at sun.reflect.NativeMethodAccessorImpl.invoke0(Native Method) ~[?:1.8.0_322]
	at sun.reflect.NativeMethodAccessorImpl.invoke(NativeMethodAccessorImpl.java:62) ~[?:1.8.0_322]
	at sun.reflect.DelegatingMethodAccessorImpl.invoke(DelegatingMethodAccessorImpl.java:43) ~[?:1.8.0_322]
	at java.lang.reflect.Method.invoke(Method.java:498) ~[?:1.8.0_322]
	at org.testng.internal.MethodInvocationHelper.invokeMethod(MethodInvocationHelper.java:124) [testng-6.14.3.jar:?]
	at org.testng.internal.MethodInvocationHelper.invokeMethodConsideringTimeout(MethodInvocationHelper.java:59) [testng-6.14.3.jar:?]
	at org.testng.internal.Invoker.invokeConfigurationMethod(Invoker.java:458) [testng-6.14.3.jar:?]
	at org.testng.internal.Invoker.invokeConfigurations(Invoker.java:222) [testng-6.14.3.jar:?]
	at org.testng.internal.Invoker.invokeConfigurations(Invoker.java:142) [testng-6.14.3.jar:?]
	at org.testng.TestRunner.beforeRun(TestRunner.java:529) [testng-6.14.3.jar:?]
	at org.testng.TestRunner.run(TestRunner.java:497) [testng-6.14.3.jar:?]
	at org.testng.SuiteRunner.runTest(SuiteRunner.java:455) [testng-6.14.3.jar:?]
	at org.testng.SuiteRunner.runSequentially(SuiteRunner.java:450) [testng-6.14.3.jar:?]
	at org.testng.SuiteRunner.privateRun(SuiteRunner.java:415) [testng-6.14.3.jar:?]
	at org.testng.SuiteRunner.run(SuiteRunner.java:364) [testng-6.14.3.jar:?]
	at org.testng.SuiteRunnerWorker.runSuite(SuiteRunnerWorker.java:52) [testng-6.14.3.jar:?]
	at org.testng.SuiteRunnerWorker.run(SuiteRunnerWorker.java:84) [testng-6.14.3.jar:?]
	at org.testng.TestNG.runSuitesSequentially(TestNG.java:1208) [testng-6.14.3.jar:?]
	at org.testng.TestNG.runSuitesLocally(TestNG.java:1137) [testng-6.14.3.jar:?]
	at org.testng.TestNG.runSuites(TestNG.java:1049) [testng-6.14.3.jar:?]
	at org.testng.TestNG.run(TestNG.java:1017) [testng-6.14.3.jar:?]
	at com.intellij.rt.testng.IDEARemoteTestNG.run(IDEARemoteTestNG.java:66) [testng-rt.jar:?]
	at com.intellij.rt.testng.RemoteTestNGStarter.main(RemoteTestNGStarter.java:109) [testng-rt.jar:?]
2022-Nov-10 17:40:42 PM [main] ERROR org.apache.poi.openxml4j.opc.PackageRelationshipCollection - Cannot convert mailto:S14QAtest@july/25/yea,S14,2021july,S@d_:/.30/07-20.,T12QA(d&m%5d!~%5E%7D?%3c%3e|Y* in a valid relationship URI-> dummy-URI used
java.net.URISyntaxException: Illegal character in opaque part at index 86: mailto:S14QAtest@july/25/yea,S14,2021july,S@d_:/.30/07-20.,T12QA(d&m%5d!~%5E%7D?%3c%3e|Y*
	at java.net.URI$Parser.fail(URI.java:2847) ~[?:1.8.0_322]
	at java.net.URI$Parser.checkChars(URI.java:3020) ~[?:1.8.0_322]
	at java.net.URI$Parser.parse(URI.java:3057) ~[?:1.8.0_322]
	at java.net.URI.<init>(URI.java:588) ~[?:1.8.0_322]
	at org.apache.poi.openxml4j.opc.PackagingURIHelper.toURI(PackagingURIHelper.java:723) ~[poi-ooxml-5.2.0.jar:5.2.0]
	at org.apache.poi.openxml4j.opc.PackageRelationshipCollection.parseRelationshipsPart(PackageRelationshipCollection.java:358) [poi-ooxml-5.2.0.jar:5.2.0]
	at org.apache.poi.openxml4j.opc.PackageRelationshipCollection.<init>(PackageRelationshipCollection.java:160) [poi-ooxml-5.2.0.jar:5.2.0]
	at org.apache.poi.openxml4j.opc.PackageRelationshipCollection.<init>(PackageRelationshipCollection.java:130) [poi-ooxml-5.2.0.jar:5.2.0]
	at org.apache.poi.openxml4j.opc.PackagePart.loadRelationships(PackagePart.java:565) [poi-ooxml-5.2.0.jar:5.2.0]
	at org.apache.poi.openxml4j.opc.OPCPackage.getParts(OPCPackage.java:745) [poi-ooxml-5.2.0.jar:5.2.0]
	at org.apache.poi.openxml4j.opc.OPCPackage.open(OPCPackage.java:315) [poi-ooxml-5.2.0.jar:5.2.0]
	at org.apache.poi.ooxml.util.PackageHelper.open(PackageHelper.java:59) [poi-ooxml-5.2.0.jar:5.2.0]
	at org.apache.poi.xssf.usermodel.XSSFWorkbook.<init>(XSSFWorkbook.java:304) [poi-ooxml-5.2.0.jar:5.2.0]
	at org.apache.poi.xssf.usermodel.XSSFWorkbook.<init>(XSSFWorkbook.java:300) [poi-ooxml-5.2.0.jar:5.2.0]
	at Resources.base.readTestData(base.java:278) [classes/:?]
	at sun.reflect.NativeMethodAccessorImpl.invoke0(Native Method) ~[?:1.8.0_322]
	at sun.reflect.NativeMethodAccessorImpl.invoke(NativeMethodAccessorImpl.java:62) ~[?:1.8.0_322]
	at sun.reflect.DelegatingMethodAccessorImpl.invoke(DelegatingMethodAccessorImpl.java:43) ~[?:1.8.0_322]
	at java.lang.reflect.Method.invoke(Method.java:498) ~[?:1.8.0_322]
	at org.testng.internal.MethodInvocationHelper.invokeMethod(MethodInvocationHelper.java:124) [testng-6.14.3.jar:?]
	at org.testng.internal.MethodInvocationHelper.invokeMethodConsideringTimeout(MethodInvocationHelper.java:59) [testng-6.14.3.jar:?]
	at org.testng.internal.Invoker.invokeConfigurationMethod(Invoker.java:458) [testng-6.14.3.jar:?]
	at org.testng.internal.Invoker.invokeConfigurations(Invoker.java:222) [testng-6.14.3.jar:?]
	at org.testng.internal.Invoker.invokeConfigurations(Invoker.java:142) [testng-6.14.3.jar:?]
	at org.testng.TestRunner.beforeRun(TestRunner.java:529) [testng-6.14.3.jar:?]
	at org.testng.TestRunner.run(TestRunner.java:497) [testng-6.14.3.jar:?]
	at org.testng.SuiteRunner.runTest(SuiteRunner.java:455) [testng-6.14.3.jar:?]
	at org.testng.SuiteRunner.runSequentially(SuiteRunner.java:450) [testng-6.14.3.jar:?]
	at org.testng.SuiteRunner.privateRun(SuiteRunner.java:415) [testng-6.14.3.jar:?]
	at org.testng.SuiteRunner.run(SuiteRunner.java:364) [testng-6.14.3.jar:?]
	at org.testng.SuiteRunnerWorker.runSuite(SuiteRunnerWorker.java:52) [testng-6.14.3.jar:?]
	at org.testng.SuiteRunnerWorker.run(SuiteRunnerWorker.java:84) [testng-6.14.3.jar:?]
	at org.testng.TestNG.runSuitesSequentially(TestNG.java:1208) [testng-6.14.3.jar:?]
	at org.testng.TestNG.runSuitesLocally(TestNG.java:1137) [testng-6.14.3.jar:?]
	at org.testng.TestNG.runSuites(TestNG.java:1049) [testng-6.14.3.jar:?]
	at org.testng.TestNG.run(TestNG.java:1017) [testng-6.14.3.jar:?]
	at org.apache.maven.surefire.testng.TestNGExecutor.run(TestNGExecutor.java:284) [surefire-testng-3.0.0-M5.jar:3.0.0-M5]
	at org.apache.maven.surefire.testng.TestNGXmlTestSuite.execute(TestNGXmlTestSuite.java:75) [surefire-testng-3.0.0-M5.jar:3.0.0-M5]
	at org.apache.maven.surefire.testng.TestNGProvider.invoke(TestNGProvider.java:119) [surefire-testng-3.0.0-M5.jar:3.0.0-M5]
	at org.apache.maven.surefire.booter.ForkedBooter.runSuitesInProcess(ForkedBooter.java:428) [surefire-booter-3.0.0-M5.jar:3.0.0-M5]
	at org.apache.maven.surefire.booter.ForkedBooter.execute(ForkedBooter.java:162) [surefire-booter-3.0.0-M5.jar:3.0.0-M5]
	at org.apache.maven.surefire.booter.ForkedBooter.run(ForkedBooter.java:562) [surefire-booter-3.0.0-M5.jar:3.0.0-M5]
	at org.apache.maven.surefire.booter.ForkedBooter.main(ForkedBooter.java:548) [surefire-booter-3.0.0-M5.jar:3.0.0-M5]
2022-Nov-10 17:40:42 PM [main] ERROR org.apache.poi.openxml4j.opc.PackageRelationshipCollection - Cannot convert mailto:123@12345[]%7B%7D!@#%^,abc!@#$%^&(),abc123456,abc123,awsconsolepwdreset123$%^ in a valid relationship URI-> dummy-URI used
java.net.URISyntaxException: Malformed escape pair at index 27: mailto:123@12345[]%7B%7D!@#%^,abc!@#$%^&(),abc123456,abc123,awsconsolepwdreset123$%^
	at java.net.URI$Parser.fail(URI.java:2847) ~[?:1.8.0_322]
	at java.net.URI$Parser.scanEscape(URI.java:2977) ~[?:1.8.0_322]
	at java.net.URI$Parser.scan(URI.java:3000) ~[?:1.8.0_322]
	at java.net.URI$Parser.checkChars(URI.java:3018) ~[?:1.8.0_322]
	at java.net.URI$Parser.parse(URI.java:3066) ~[?:1.8.0_322]
	at java.net.URI.<init>(URI.java:588) ~[?:1.8.0_322]
	at org.apache.poi.openxml4j.opc.PackagingURIHelper.toURI(PackagingURIHelper.java:723) ~[poi-ooxml-5.2.0.jar:5.2.0]
	at org.apache.poi.openxml4j.opc.PackageRelationshipCollection.parseRelationshipsPart(PackageRelationshipCollection.java:358) [poi-ooxml-5.2.0.jar:5.2.0]
	at org.apache.poi.openxml4j.opc.PackageRelationshipCollection.<init>(PackageRelationshipCollection.java:160) [poi-ooxml-5.2.0.jar:5.2.0]
	at org.apache.poi.openxml4j.opc.PackageRelationshipCollection.<init>(PackageRelationshipCollection.java:130) [poi-ooxml-5.2.0.jar:5.2.0]
	at org.apache.poi.openxml4j.opc.PackagePart.loadRelationships(PackagePart.java:565) [poi-ooxml-5.2.0.jar:5.2.0]
	at org.apache.poi.openxml4j.opc.OPCPackage.getParts(OPCPackage.java:745) [poi-ooxml-5.2.0.jar:5.2.0]
	at org.apache.poi.openxml4j.opc.OPCPackage.open(OPCPackage.java:315) [poi-ooxml-5.2.0.jar:5.2.0]
	at org.apache.poi.ooxml.util.PackageHelper.open(PackageHelper.java:59) [poi-ooxml-5.2.0.jar:5.2.0]
	at org.apache.poi.xssf.usermodel.XSSFWorkbook.<init>(XSSFWorkbook.java:304) [poi-ooxml-5.2.0.jar:5.2.0]
	at org.apache.poi.xssf.usermodel.XSSFWorkbook.<init>(XSSFWorkbook.java:300) [poi-ooxml-5.2.0.jar:5.2.0]
	at Resources.base.readTestData(base.java:278) [classes/:?]
	at sun.reflect.NativeMethodAccessorImpl.invoke0(Native Method) ~[?:1.8.0_322]
	at sun.reflect.NativeMethodAccessorImpl.invoke(NativeMethodAccessorImpl.java:62) ~[?:1.8.0_322]
	at sun.reflect.DelegatingMethodAccessorImpl.invoke(DelegatingMethodAccessorImpl.java:43) ~[?:1.8.0_322]
	at java.lang.reflect.Method.invoke(Method.java:498) ~[?:1.8.0_322]
	at org.testng.internal.MethodInvocationHelper.invokeMethod(MethodInvocationHelper.java:124) [testng-6.14.3.jar:?]
	at org.testng.internal.MethodInvocationHelper.invokeMethodConsideringTimeout(MethodInvocationHelper.java:59) [testng-6.14.3.jar:?]
	at org.testng.internal.Invoker.invokeConfigurationMethod(Invoker.java:458) [testng-6.14.3.jar:?]
	at org.testng.internal.Invoker.invokeConfigurations(Invoker.java:222) [testng-6.14.3.jar:?]
	at org.testng.internal.Invoker.invokeConfigurations(Invoker.java:142) [testng-6.14.3.jar:?]
	at org.testng.TestRunner.beforeRun(TestRunner.java:529) [testng-6.14.3.jar:?]
	at org.testng.TestRunner.run(TestRunner.java:497) [testng-6.14.3.jar:?]
	at org.testng.SuiteRunner.runTest(SuiteRunner.java:455) [testng-6.14.3.jar:?]
	at org.testng.SuiteRunner.runSequentially(SuiteRunner.java:450) [testng-6.14.3.jar:?]
	at org.testng.SuiteRunner.privateRun(SuiteRunner.java:415) [testng-6.14.3.jar:?]
	at org.testng.SuiteRunner.run(SuiteRunner.java:364) [testng-6.14.3.jar:?]
	at org.testng.SuiteRunnerWorker.runSuite(SuiteRunnerWorker.java:52) [testng-6.14.3.jar:?]
	at org.testng.SuiteRunnerWorker.run(SuiteRunnerWorker.java:84) [testng-6.14.3.jar:?]
	at org.testng.TestNG.runSuitesSequentially(TestNG.java:1208) [testng-6.14.3.jar:?]
	at org.testng.TestNG.runSuitesLocally(TestNG.java:1137) [testng-6.14.3.jar:?]
	at org.testng.TestNG.runSuites(TestNG.java:1049) [testng-6.14.3.jar:?]
	at org.testng.TestNG.run(TestNG.java:1017) [testng-6.14.3.jar:?]
	at org.apache.maven.surefire.testng.TestNGExecutor.run(TestNGExecutor.java:284) [surefire-testng-3.0.0-M5.jar:3.0.0-M5]
	at org.apache.maven.surefire.testng.TestNGXmlTestSuite.execute(TestNGXmlTestSuite.java:75) [surefire-testng-3.0.0-M5.jar:3.0.0-M5]
	at org.apache.maven.surefire.testng.TestNGProvider.invoke(TestNGProvider.java:119) [surefire-testng-3.0.0-M5.jar:3.0.0-M5]
	at org.apache.maven.surefire.booter.ForkedBooter.runSuitesInProcess(ForkedBooter.java:428) [surefire-booter-3.0.0-M5.jar:3.0.0-M5]
	at org.apache.maven.surefire.booter.ForkedBooter.execute(ForkedBooter.java:162) [surefire-booter-3.0.0-M5.jar:3.0.0-M5]
	at org.apache.maven.surefire.booter.ForkedBooter.run(ForkedBooter.java:562) [surefire-booter-3.0.0-M5.jar:3.0.0-M5]
	at org.apache.maven.surefire.booter.ForkedBooter.main(ForkedBooter.java:548) [surefire-booter-3.0.0-M5.jar:3.0.0-M5]
